<?xml version="1.0" encoding="UTF-8"?>
<testsuite xmlns:xsi="http://www.w3.org/2001/XMLSchema-instance" xsi:noNamespaceSchemaLocation="https://maven.apache.org/surefire/maven-surefire-plugin/xsd/surefire-test-report.xsd" name="com.teng.provider.DemoApplicationTests" time="10.011" tests="1" errors="0" skipped="0" failures="0">
  <properties>
    <property name="awt.toolkit" value="sun.awt.X11.XToolkit"/>
    <property name="file.encoding.pkg" value="sun.io"/>
    <property name="java.specification.version" value="1.8"/>
    <property name="sun.cpu.isalist" value=""/>
    <property name="sun.jnu.encoding" value="UTF-8"/>
    <property name="java.class.path" value="/root/testjava/provider/target/test-classes:/root/testjava/provider/target/classes:/root/testjava/maven_repository/org/springframework/boot/spring-boot-starter-actuator/2.2.8.RELEASE/spring-boot-starter-actuator-2.2.8.RELEASE.jar:/root/testjava/maven_repository/org/springframework/boot/spring-boot-starter/2.2.8.RELEASE/spring-boot-starter-2.2.8.RELEASE.jar:/root/testjava/maven_repository/org/springframework/boot/spring-boot-starter-logging/2.2.8.RELEASE/spring-boot-starter-logging-2.2.8.RELEASE.jar:/root/testjava/maven_repository/ch/qos/logback/logback-classic/1.2.3/logback-classic-1.2.3.jar:/root/testjava/maven_repository/ch/qos/logback/logback-core/1.2.3/logback-core-1.2.3.jar:/root/testjava/maven_repository/org/apache/logging/log4j/log4j-to-slf4j/2.12.1/log4j-to-slf4j-2.12.1.jar:/root/testjava/maven_repository/org/apache/logging/log4j/log4j-api/2.12.1/log4j-api-2.12.1.jar:/root/testjava/maven_repository/org/slf4j/jul-to-slf4j/1.7.30/jul-to-slf4j-1.7.30.jar:/root/testjava/maven_repository/jakarta/annotation/jakarta.annotation-api/1.3.5/jakarta.annotation-api-1.3.5.jar:/root/testjava/maven_repository/org/yaml/snakeyaml/1.25/snakeyaml-1.25.jar:/root/testjava/maven_repository/org/springframework/boot/spring-boot-actuator-autoconfigure/2.2.8.RELEASE/spring-boot-actuator-autoconfigure-2.2.8.RELEASE.jar:/root/testjava/maven_repository/org/springframework/boot/spring-boot-actuator/2.2.8.RELEASE/spring-boot-actuator-2.2.8.RELEASE.jar:/root/testjava/maven_repository/com/fasterxml/jackson/core/jackson-databind/2.10.4/jackson-databind-2.10.4.jar:/root/testjava/maven_repository/com/fasterxml/jackson/core/jackson-annotations/2.10.4/jackson-annotations-2.10.4.jar:/root/testjava/maven_repository/org/springframework/spring-context/5.2.7.RELEASE/spring-context-5.2.7.RELEASE.jar:/root/testjava/maven_repository/com/fasterxml/jackson/datatype/jackson-datatype-jsr310/2.10.4/jackson-datatype-jsr310-2.10.4.jar:/root/testjava/maven_repository/io/micrometer/micrometer-core/1.3.9/micrometer-core-1.3.9.jar:/root/testjava/maven_repository/org/hdrhistogram/HdrHistogram/2.1.11/HdrHistogram-2.1.11.jar:/root/testjava/maven_repository/org/latencyutils/LatencyUtils/2.0.3/LatencyUtils-2.0.3.jar:/root/testjava/maven_repository/org/springframework/boot/spring-boot-starter-thymeleaf/2.2.8.RELEASE/spring-boot-starter-thymeleaf-2.2.8.RELEASE.jar:/root/testjava/maven_repository/org/thymeleaf/thymeleaf-spring5/3.0.11.RELEASE/thymeleaf-spring5-3.0.11.RELEASE.jar:/root/testjava/maven_repository/org/thymeleaf/thymeleaf/3.0.11.RELEASE/thymeleaf-3.0.11.RELEASE.jar:/root/testjava/maven_repository/org/attoparser/attoparser/2.0.5.RELEASE/attoparser-2.0.5.RELEASE.jar:/root/testjava/maven_repository/org/unbescape/unbescape/1.1.6.RELEASE/unbescape-1.1.6.RELEASE.jar:/root/testjava/maven_repository/org/slf4j/slf4j-api/1.7.30/slf4j-api-1.7.30.jar:/root/testjava/maven_repository/org/thymeleaf/extras/thymeleaf-extras-java8time/3.0.4.RELEASE/thymeleaf-extras-java8time-3.0.4.RELEASE.jar:/root/testjava/maven_repository/org/springframework/boot/spring-boot-starter-web/2.2.8.RELEASE/spring-boot-starter-web-2.2.8.RELEASE.jar:/root/testjava/maven_repository/org/springframework/boot/spring-boot-starter-json/2.2.8.RELEASE/spring-boot-starter-json-2.2.8.RELEASE.jar:/root/testjava/maven_repository/com/fasterxml/jackson/datatype/jackson-datatype-jdk8/2.10.4/jackson-datatype-jdk8-2.10.4.jar:/root/testjava/maven_repository/com/fasterxml/jackson/module/jackson-module-parameter-names/2.10.4/jackson-module-parameter-names-2.10.4.jar:/root/testjava/maven_repository/org/springframework/boot/spring-boot-starter-tomcat/2.2.8.RELEASE/spring-boot-starter-tomcat-2.2.8.RELEASE.jar:/root/testjava/maven_repository/org/apache/tomcat/embed/tomcat-embed-core/9.0.36/tomcat-embed-core-9.0.36.jar:/root/testjava/maven_repository/org/apache/tomcat/embed/tomcat-embed-el/9.0.36/tomcat-embed-el-9.0.36.jar:/root/testjava/maven_repository/org/apache/tomcat/embed/tomcat-embed-websocket/9.0.36/tomcat-embed-websocket-9.0.36.jar:/root/testjava/maven_repository/org/springframework/boot/spring-boot-starter-validation/2.2.8.RELEASE/spring-boot-starter-validation-2.2.8.RELEASE.jar:/root/testjava/maven_repository/jakarta/validation/jakarta.validation-api/2.0.2/jakarta.validation-api-2.0.2.jar:/root/testjava/maven_repository/org/hibernate/validator/hibernate-validator/6.0.20.Final/hibernate-validator-6.0.20.Final.jar:/root/testjava/maven_repository/org/jboss/logging/jboss-logging/3.4.1.Final/jboss-logging-3.4.1.Final.jar:/root/testjava/maven_repository/com/fasterxml/classmate/1.5.1/classmate-1.5.1.jar:/root/testjava/maven_repository/org/springframework/spring-web/5.2.7.RELEASE/spring-web-5.2.7.RELEASE.jar:/root/testjava/maven_repository/org/springframework/spring-beans/5.2.7.RELEASE/spring-beans-5.2.7.RELEASE.jar:/root/testjava/maven_repository/org/springframework/spring-webmvc/5.2.7.RELEASE/spring-webmvc-5.2.7.RELEASE.jar:/root/testjava/maven_repository/org/springframework/spring-aop/5.2.7.RELEASE/spring-aop-5.2.7.RELEASE.jar:/root/testjava/maven_repository/org/springframework/spring-expression/5.2.7.RELEASE/spring-expression-5.2.7.RELEASE.jar:/root/testjava/maven_repository/com/alibaba/cloud/spring-cloud-starter-alibaba-nacos-discovery/2.2.1.RELEASE/spring-cloud-starter-alibaba-nacos-discovery-2.2.1.RELEASE.jar:/root/testjava/maven_repository/com/alibaba/nacos/nacos-client/1.2.1/nacos-client-1.2.1.jar:/root/testjava/maven_repository/com/alibaba/nacos/nacos-common/1.2.1/nacos-common-1.2.1.jar:/root/testjava/maven_repository/commons-io/commons-io/2.2/commons-io-2.2.jar:/root/testjava/maven_repository/org/apache/commons/commons-lang3/3.9/commons-lang3-3.9.jar:/root/testjava/maven_repository/com/alibaba/nacos/nacos-api/1.2.1/nacos-api-1.2.1.jar:/root/testjava/maven_repository/com/alibaba/fastjson/1.2.58/fastjson-1.2.58.jar:/root/testjava/maven_repository/com/google/guava/guava/22.0/guava-22.0.jar:/root/testjava/maven_repository/com/google/code/findbugs/jsr305/1.3.9/jsr305-1.3.9.jar:/root/testjava/maven_repository/com/google/errorprone/error_prone_annotations/2.0.18/error_prone_annotations-2.0.18.jar:/root/testjava/maven_repository/com/google/j2objc/j2objc-annotations/1.1/j2objc-annotations-1.1.jar:/root/testjava/maven_repository/org/codehaus/mojo/animal-sniffer-annotations/1.14/animal-sniffer-annotations-1.14.jar:/root/testjava/maven_repository/commons-codec/commons-codec/1.13/commons-codec-1.13.jar:/root/testjava/maven_repository/com/fasterxml/jackson/core/jackson-core/2.10.4/jackson-core-2.10.4.jar:/root/testjava/maven_repository/io/prometheus/simpleclient/0.5.0/simpleclient-0.5.0.jar:/root/testjava/maven_repository/com/alibaba/spring/spring-context-support/1.0.6/spring-context-support-1.0.6.jar:/root/testjava/maven_repository/org/springframework/cloud/spring-cloud-commons/2.2.2.RELEASE/spring-cloud-commons-2.2.2.RELEASE.jar:/root/testjava/maven_repository/org/springframework/security/spring-security-crypto/5.2.5.RELEASE/spring-security-crypto-5.2.5.RELEASE.jar:/root/testjava/maven_repository/org/springframework/cloud/spring-cloud-context/2.2.2.RELEASE/spring-cloud-context-2.2.2.RELEASE.jar:/root/testjava/maven_repository/org/springframework/cloud/spring-cloud-starter-netflix-ribbon/2.2.2.RELEASE/spring-cloud-starter-netflix-ribbon-2.2.2.RELEASE.jar:/root/testjava/maven_repository/org/springframework/cloud/spring-cloud-starter/2.2.2.RELEASE/spring-cloud-starter-2.2.2.RELEASE.jar:/root/testjava/maven_repository/org/springframework/security/spring-security-rsa/1.0.9.RELEASE/spring-security-rsa-1.0.9.RELEASE.jar:/root/testjava/maven_repository/org/bouncycastle/bcpkix-jdk15on/1.64/bcpkix-jdk15on-1.64.jar:/root/testjava/maven_repository/org/bouncycastle/bcprov-jdk15on/1.64/bcprov-jdk15on-1.64.jar:/root/testjava/maven_repository/org/springframework/cloud/spring-cloud-netflix-ribbon/2.2.2.RELEASE/spring-cloud-netflix-ribbon-2.2.2.RELEASE.jar:/root/testjava/maven_repository/org/springframework/cloud/spring-cloud-netflix-archaius/2.2.2.RELEASE/spring-cloud-netflix-archaius-2.2.2.RELEASE.jar:/root/testjava/maven_repository/org/springframework/cloud/spring-cloud-starter-netflix-archaius/2.2.2.RELEASE/spring-cloud-starter-netflix-archaius-2.2.2.RELEASE.jar:/root/testjava/maven_repository/com/netflix/archaius/archaius-core/0.7.6/archaius-core-0.7.6.jar:/root/testjava/maven_repository/commons-configuration/commons-configuration/1.8/commons-configuration-1.8.jar:/root/testjava/maven_repository/com/netflix/ribbon/ribbon/2.3.0/ribbon-2.3.0.jar:/root/testjava/maven_repository/com/netflix/ribbon/ribbon-transport/2.3.0/ribbon-transport-2.3.0.jar:/root/testjava/maven_repository/io/reactivex/rxnetty-contexts/0.4.9/rxnetty-contexts-0.4.9.jar:/root/testjava/maven_repository/io/reactivex/rxnetty-servo/0.4.9/rxnetty-servo-0.4.9.jar:/root/testjava/maven_repository/com/netflix/hystrix/hystrix-core/1.4.3/hystrix-core-1.4.3.jar:/root/testjava/maven_repository/javax/inject/javax.inject/1/javax.inject-1.jar:/root/testjava/maven_repository/io/reactivex/rxnetty/0.4.9/rxnetty-0.4.9.jar:/root/testjava/maven_repository/com/netflix/ribbon/ribbon-core/2.3.0/ribbon-core-2.3.0.jar:/root/testjava/maven_repository/commons-lang/commons-lang/2.6/commons-lang-2.6.jar:/root/testjava/maven_repository/com/netflix/ribbon/ribbon-httpclient/2.3.0/ribbon-httpclient-2.3.0.jar:/root/testjava/maven_repository/commons-collections/commons-collections/3.2.2/commons-collections-3.2.2.jar:/root/testjava/maven_repository/org/apache/httpcomponents/httpclient/4.5.12/httpclient-4.5.12.jar:/root/testjava/maven_repository/org/apache/httpcomponents/httpcore/4.4.13/httpcore-4.4.13.jar:/root/testjava/maven_repository/com/sun/jersey/jersey-client/1.19.1/jersey-client-1.19.1.jar:/root/testjava/maven_repository/com/sun/jersey/jersey-core/1.19.1/jersey-core-1.19.1.jar:/root/testjava/maven_repository/javax/ws/rs/jsr311-api/1.1.1/jsr311-api-1.1.1.jar:/root/testjava/maven_repository/com/sun/jersey/contribs/jersey-apache-client4/1.19.1/jersey-apache-client4-1.19.1.jar:/root/testjava/maven_repository/com/netflix/servo/servo-core/0.10.1/servo-core-0.10.1.jar:/root/testjava/maven_repository/com/netflix/servo/servo-internal/0.10.1/servo-internal-0.10.1.jar:/root/testjava/maven_repository/com/netflix/netflix-commons/netflix-commons-util/0.1.1/netflix-commons-util-0.1.1.jar:/root/testjava/maven_repository/com/netflix/ribbon/ribbon-loadbalancer/2.3.0/ribbon-loadbalancer-2.3.0.jar:/root/testjava/maven_repository/com/netflix/netflix-commons/netflix-statistics/0.1.1/netflix-statistics-0.1.1.jar:/root/testjava/maven_repository/io/reactivex/rxjava/1.3.8/rxjava-1.3.8.jar:/root/testjava/maven_repository/org/springframework/boot/spring-boot-devtools/2.2.8.RELEASE/spring-boot-devtools-2.2.8.RELEASE.jar:/root/testjava/maven_repository/org/springframework/boot/spring-boot/2.2.8.RELEASE/spring-boot-2.2.8.RELEASE.jar:/root/testjava/maven_repository/org/springframework/boot/spring-boot-autoconfigure/2.2.8.RELEASE/spring-boot-autoconfigure-2.2.8.RELEASE.jar:/root/testjava/maven_repository/org/projectlombok/lombok/1.18.12/lombok-1.18.12.jar:/root/testjava/maven_repository/org/springframework/boot/spring-boot-starter-test/2.2.8.RELEASE/spring-boot-starter-test-2.2.8.RELEASE.jar:/root/testjava/maven_repository/org/springframework/boot/spring-boot-test/2.2.8.RELEASE/spring-boot-test-2.2.8.RELEASE.jar:/root/testjava/maven_repository/org/springframework/boot/spring-boot-test-autoconfigure/2.2.8.RELEASE/spring-boot-test-autoconfigure-2.2.8.RELEASE.jar:/root/testjava/maven_repository/com/jayway/jsonpath/json-path/2.4.0/json-path-2.4.0.jar:/root/testjava/maven_repository/net/minidev/json-smart/2.3/json-smart-2.3.jar:/root/testjava/maven_repository/net/minidev/accessors-smart/1.2/accessors-smart-1.2.jar:/root/testjava/maven_repository/org/ow2/asm/asm/5.0.4/asm-5.0.4.jar:/root/testjava/maven_repository/jakarta/xml/bind/jakarta.xml.bind-api/2.3.3/jakarta.xml.bind-api-2.3.3.jar:/root/testjava/maven_repository/jakarta/activation/jakarta.activation-api/1.2.2/jakarta.activation-api-1.2.2.jar:/root/testjava/maven_repository/org/junit/jupiter/junit-jupiter/5.5.2/junit-jupiter-5.5.2.jar:/root/testjava/maven_repository/org/junit/jupiter/junit-jupiter-api/5.5.2/junit-jupiter-api-5.5.2.jar:/root/testjava/maven_repository/org/apiguardian/apiguardian-api/1.1.0/apiguardian-api-1.1.0.jar:/root/testjava/maven_repository/org/opentest4j/opentest4j/1.2.0/opentest4j-1.2.0.jar:/root/testjava/maven_repository/org/junit/platform/junit-platform-commons/1.5.2/junit-platform-commons-1.5.2.jar:/root/testjava/maven_repository/org/junit/jupiter/junit-jupiter-params/5.5.2/junit-jupiter-params-5.5.2.jar:/root/testjava/maven_repository/org/junit/jupiter/junit-jupiter-engine/5.5.2/junit-jupiter-engine-5.5.2.jar:/root/testjava/maven_repository/org/junit/platform/junit-platform-engine/1.5.2/junit-platform-engine-1.5.2.jar:/root/testjava/maven_repository/org/mockito/mockito-junit-jupiter/3.1.0/mockito-junit-jupiter-3.1.0.jar:/root/testjava/maven_repository/org/assertj/assertj-core/3.13.2/assertj-core-3.13.2.jar:/root/testjava/maven_repository/org/hamcrest/hamcrest/2.1/hamcrest-2.1.jar:/root/testjava/maven_repository/org/mockito/mockito-core/3.1.0/mockito-core-3.1.0.jar:/root/testjava/maven_repository/net/bytebuddy/byte-buddy/1.10.11/byte-buddy-1.10.11.jar:/root/testjava/maven_repository/net/bytebuddy/byte-buddy-agent/1.10.11/byte-buddy-agent-1.10.11.jar:/root/testjava/maven_repository/org/objenesis/objenesis/2.6/objenesis-2.6.jar:/root/testjava/maven_repository/org/skyscreamer/jsonassert/1.5.0/jsonassert-1.5.0.jar:/root/testjava/maven_repository/com/vaadin/external/google/android-json/0.0.20131108.vaadin1/android-json-0.0.20131108.vaadin1.jar:/root/testjava/maven_repository/org/springframework/spring-core/5.2.7.RELEASE/spring-core-5.2.7.RELEASE.jar:/root/testjava/maven_repository/org/springframework/spring-jcl/5.2.7.RELEASE/spring-jcl-5.2.7.RELEASE.jar:/root/testjava/maven_repository/org/springframework/spring-test/5.2.7.RELEASE/spring-test-5.2.7.RELEASE.jar:/root/testjava/maven_repository/org/xmlunit/xmlunit-core/2.6.4/xmlunit-core-2.6.4.jar:"/>
    <property name="java.vm.vendor" value="Oracle Corporation"/>
    <property name="sun.arch.data.model" value="64"/>
    <property name="java.vendor.url" value="http://java.oracle.com/"/>
    <property name="user.timezone" value=""/>
    <property name="java.vm.specification.version" value="1.8"/>
    <property name="os.name" value="Linux"/>
    <property name="user.country" value="US"/>
    <property name="sun.java.launcher" value="SUN_STANDARD"/>
    <property name="sun.boot.library.path" value="/root/testjava/jdk1.8.0_251/jre/lib/amd64"/>
    <property name="sun.java.command" value="/root/testjava/provider/target/surefire/surefirebooter5906044742480557215.jar /root/testjava/provider/target/surefire 2020-07-07T16-47-17_590-jvmRun1 surefire4120709966924910833tmp surefire_03650104208834383538tmp"/>
    <property name="surefire.test.class.path" value="/root/testjava/provider/target/test-classes:/root/testjava/provider/target/classes:/root/testjava/maven_repository/org/springframework/boot/spring-boot-starter-actuator/2.2.8.RELEASE/spring-boot-starter-actuator-2.2.8.RELEASE.jar:/root/testjava/maven_repository/org/springframework/boot/spring-boot-starter/2.2.8.RELEASE/spring-boot-starter-2.2.8.RELEASE.jar:/root/testjava/maven_repository/org/springframework/boot/spring-boot-starter-logging/2.2.8.RELEASE/spring-boot-starter-logging-2.2.8.RELEASE.jar:/root/testjava/maven_repository/ch/qos/logback/logback-classic/1.2.3/logback-classic-1.2.3.jar:/root/testjava/maven_repository/ch/qos/logback/logback-core/1.2.3/logback-core-1.2.3.jar:/root/testjava/maven_repository/org/apache/logging/log4j/log4j-to-slf4j/2.12.1/log4j-to-slf4j-2.12.1.jar:/root/testjava/maven_repository/org/apache/logging/log4j/log4j-api/2.12.1/log4j-api-2.12.1.jar:/root/testjava/maven_repository/org/slf4j/jul-to-slf4j/1.7.30/jul-to-slf4j-1.7.30.jar:/root/testjava/maven_repository/jakarta/annotation/jakarta.annotation-api/1.3.5/jakarta.annotation-api-1.3.5.jar:/root/testjava/maven_repository/org/yaml/snakeyaml/1.25/snakeyaml-1.25.jar:/root/testjava/maven_repository/org/springframework/boot/spring-boot-actuator-autoconfigure/2.2.8.RELEASE/spring-boot-actuator-autoconfigure-2.2.8.RELEASE.jar:/root/testjava/maven_repository/org/springframework/boot/spring-boot-actuator/2.2.8.RELEASE/spring-boot-actuator-2.2.8.RELEASE.jar:/root/testjava/maven_repository/com/fasterxml/jackson/core/jackson-databind/2.10.4/jackson-databind-2.10.4.jar:/root/testjava/maven_repository/com/fasterxml/jackson/core/jackson-annotations/2.10.4/jackson-annotations-2.10.4.jar:/root/testjava/maven_repository/org/springframework/spring-context/5.2.7.RELEASE/spring-context-5.2.7.RELEASE.jar:/root/testjava/maven_repository/com/fasterxml/jackson/datatype/jackson-datatype-jsr310/2.10.4/jackson-datatype-jsr310-2.10.4.jar:/root/testjava/maven_repository/io/micrometer/micrometer-core/1.3.9/micrometer-core-1.3.9.jar:/root/testjava/maven_repository/org/hdrhistogram/HdrHistogram/2.1.11/HdrHistogram-2.1.11.jar:/root/testjava/maven_repository/org/latencyutils/LatencyUtils/2.0.3/LatencyUtils-2.0.3.jar:/root/testjava/maven_repository/org/springframework/boot/spring-boot-starter-thymeleaf/2.2.8.RELEASE/spring-boot-starter-thymeleaf-2.2.8.RELEASE.jar:/root/testjava/maven_repository/org/thymeleaf/thymeleaf-spring5/3.0.11.RELEASE/thymeleaf-spring5-3.0.11.RELEASE.jar:/root/testjava/maven_repository/org/thymeleaf/thymeleaf/3.0.11.RELEASE/thymeleaf-3.0.11.RELEASE.jar:/root/testjava/maven_repository/org/attoparser/attoparser/2.0.5.RELEASE/attoparser-2.0.5.RELEASE.jar:/root/testjava/maven_repository/org/unbescape/unbescape/1.1.6.RELEASE/unbescape-1.1.6.RELEASE.jar:/root/testjava/maven_repository/org/slf4j/slf4j-api/1.7.30/slf4j-api-1.7.30.jar:/root/testjava/maven_repository/org/thymeleaf/extras/thymeleaf-extras-java8time/3.0.4.RELEASE/thymeleaf-extras-java8time-3.0.4.RELEASE.jar:/root/testjava/maven_repository/org/springframework/boot/spring-boot-starter-web/2.2.8.RELEASE/spring-boot-starter-web-2.2.8.RELEASE.jar:/root/testjava/maven_repository/org/springframework/boot/spring-boot-starter-json/2.2.8.RELEASE/spring-boot-starter-json-2.2.8.RELEASE.jar:/root/testjava/maven_repository/com/fasterxml/jackson/datatype/jackson-datatype-jdk8/2.10.4/jackson-datatype-jdk8-2.10.4.jar:/root/testjava/maven_repository/com/fasterxml/jackson/module/jackson-module-parameter-names/2.10.4/jackson-module-parameter-names-2.10.4.jar:/root/testjava/maven_repository/org/springframework/boot/spring-boot-starter-tomcat/2.2.8.RELEASE/spring-boot-starter-tomcat-2.2.8.RELEASE.jar:/root/testjava/maven_repository/org/apache/tomcat/embed/tomcat-embed-core/9.0.36/tomcat-embed-core-9.0.36.jar:/root/testjava/maven_repository/org/apache/tomcat/embed/tomcat-embed-el/9.0.36/tomcat-embed-el-9.0.36.jar:/root/testjava/maven_repository/org/apache/tomcat/embed/tomcat-embed-websocket/9.0.36/tomcat-embed-websocket-9.0.36.jar:/root/testjava/maven_repository/org/springframework/boot/spring-boot-starter-validation/2.2.8.RELEASE/spring-boot-starter-validation-2.2.8.RELEASE.jar:/root/testjava/maven_repository/jakarta/validation/jakarta.validation-api/2.0.2/jakarta.validation-api-2.0.2.jar:/root/testjava/maven_repository/org/hibernate/validator/hibernate-validator/6.0.20.Final/hibernate-validator-6.0.20.Final.jar:/root/testjava/maven_repository/org/jboss/logging/jboss-logging/3.4.1.Final/jboss-logging-3.4.1.Final.jar:/root/testjava/maven_repository/com/fasterxml/classmate/1.5.1/classmate-1.5.1.jar:/root/testjava/maven_repository/org/springframework/spring-web/5.2.7.RELEASE/spring-web-5.2.7.RELEASE.jar:/root/testjava/maven_repository/org/springframework/spring-beans/5.2.7.RELEASE/spring-beans-5.2.7.RELEASE.jar:/root/testjava/maven_repository/org/springframework/spring-webmvc/5.2.7.RELEASE/spring-webmvc-5.2.7.RELEASE.jar:/root/testjava/maven_repository/org/springframework/spring-aop/5.2.7.RELEASE/spring-aop-5.2.7.RELEASE.jar:/root/testjava/maven_repository/org/springframework/spring-expression/5.2.7.RELEASE/spring-expression-5.2.7.RELEASE.jar:/root/testjava/maven_repository/com/alibaba/cloud/spring-cloud-starter-alibaba-nacos-discovery/2.2.1.RELEASE/spring-cloud-starter-alibaba-nacos-discovery-2.2.1.RELEASE.jar:/root/testjava/maven_repository/com/alibaba/nacos/nacos-client/1.2.1/nacos-client-1.2.1.jar:/root/testjava/maven_repository/com/alibaba/nacos/nacos-common/1.2.1/nacos-common-1.2.1.jar:/root/testjava/maven_repository/commons-io/commons-io/2.2/commons-io-2.2.jar:/root/testjava/maven_repository/org/apache/commons/commons-lang3/3.9/commons-lang3-3.9.jar:/root/testjava/maven_repository/com/alibaba/nacos/nacos-api/1.2.1/nacos-api-1.2.1.jar:/root/testjava/maven_repository/com/alibaba/fastjson/1.2.58/fastjson-1.2.58.jar:/root/testjava/maven_repository/com/google/guava/guava/22.0/guava-22.0.jar:/root/testjava/maven_repository/com/google/code/findbugs/jsr305/1.3.9/jsr305-1.3.9.jar:/root/testjava/maven_repository/com/google/errorprone/error_prone_annotations/2.0.18/error_prone_annotations-2.0.18.jar:/root/testjava/maven_repository/com/google/j2objc/j2objc-annotations/1.1/j2objc-annotations-1.1.jar:/root/testjava/maven_repository/org/codehaus/mojo/animal-sniffer-annotations/1.14/animal-sniffer-annotations-1.14.jar:/root/testjava/maven_repository/commons-codec/commons-codec/1.13/commons-codec-1.13.jar:/root/testjava/maven_repository/com/fasterxml/jackson/core/jackson-core/2.10.4/jackson-core-2.10.4.jar:/root/testjava/maven_repository/io/prometheus/simpleclient/0.5.0/simpleclient-0.5.0.jar:/root/testjava/maven_repository/com/alibaba/spring/spring-context-support/1.0.6/spring-context-support-1.0.6.jar:/root/testjava/maven_repository/org/springframework/cloud/spring-cloud-commons/2.2.2.RELEASE/spring-cloud-commons-2.2.2.RELEASE.jar:/root/testjava/maven_repository/org/springframework/security/spring-security-crypto/5.2.5.RELEASE/spring-security-crypto-5.2.5.RELEASE.jar:/root/testjava/maven_repository/org/springframework/cloud/spring-cloud-context/2.2.2.RELEASE/spring-cloud-context-2.2.2.RELEASE.jar:/root/testjava/maven_repository/org/springframework/cloud/spring-cloud-starter-netflix-ribbon/2.2.2.RELEASE/spring-cloud-starter-netflix-ribbon-2.2.2.RELEASE.jar:/root/testjava/maven_repository/org/springframework/cloud/spring-cloud-starter/2.2.2.RELEASE/spring-cloud-starter-2.2.2.RELEASE.jar:/root/testjava/maven_repository/org/springframework/security/spring-security-rsa/1.0.9.RELEASE/spring-security-rsa-1.0.9.RELEASE.jar:/root/testjava/maven_repository/org/bouncycastle/bcpkix-jdk15on/1.64/bcpkix-jdk15on-1.64.jar:/root/testjava/maven_repository/org/bouncycastle/bcprov-jdk15on/1.64/bcprov-jdk15on-1.64.jar:/root/testjava/maven_repository/org/springframework/cloud/spring-cloud-netflix-ribbon/2.2.2.RELEASE/spring-cloud-netflix-ribbon-2.2.2.RELEASE.jar:/root/testjava/maven_repository/org/springframework/cloud/spring-cloud-netflix-archaius/2.2.2.RELEASE/spring-cloud-netflix-archaius-2.2.2.RELEASE.jar:/root/testjava/maven_repository/org/springframework/cloud/spring-cloud-starter-netflix-archaius/2.2.2.RELEASE/spring-cloud-starter-netflix-archaius-2.2.2.RELEASE.jar:/root/testjava/maven_repository/com/netflix/archaius/archaius-core/0.7.6/archaius-core-0.7.6.jar:/root/testjava/maven_repository/commons-configuration/commons-configuration/1.8/commons-configuration-1.8.jar:/root/testjava/maven_repository/com/netflix/ribbon/ribbon/2.3.0/ribbon-2.3.0.jar:/root/testjava/maven_repository/com/netflix/ribbon/ribbon-transport/2.3.0/ribbon-transport-2.3.0.jar:/root/testjava/maven_repository/io/reactivex/rxnetty-contexts/0.4.9/rxnetty-contexts-0.4.9.jar:/root/testjava/maven_repository/io/reactivex/rxnetty-servo/0.4.9/rxnetty-servo-0.4.9.jar:/root/testjava/maven_repository/com/netflix/hystrix/hystrix-core/1.4.3/hystrix-core-1.4.3.jar:/root/testjava/maven_repository/javax/inject/javax.inject/1/javax.inject-1.jar:/root/testjava/maven_repository/io/reactivex/rxnetty/0.4.9/rxnetty-0.4.9.jar:/root/testjava/maven_repository/com/netflix/ribbon/ribbon-core/2.3.0/ribbon-core-2.3.0.jar:/root/testjava/maven_repository/commons-lang/commons-lang/2.6/commons-lang-2.6.jar:/root/testjava/maven_repository/com/netflix/ribbon/ribbon-httpclient/2.3.0/ribbon-httpclient-2.3.0.jar:/root/testjava/maven_repository/commons-collections/commons-collections/3.2.2/commons-collections-3.2.2.jar:/root/testjava/maven_repository/org/apache/httpcomponents/httpclient/4.5.12/httpclient-4.5.12.jar:/root/testjava/maven_repository/org/apache/httpcomponents/httpcore/4.4.13/httpcore-4.4.13.jar:/root/testjava/maven_repository/com/sun/jersey/jersey-client/1.19.1/jersey-client-1.19.1.jar:/root/testjava/maven_repository/com/sun/jersey/jersey-core/1.19.1/jersey-core-1.19.1.jar:/root/testjava/maven_repository/javax/ws/rs/jsr311-api/1.1.1/jsr311-api-1.1.1.jar:/root/testjava/maven_repository/com/sun/jersey/contribs/jersey-apache-client4/1.19.1/jersey-apache-client4-1.19.1.jar:/root/testjava/maven_repository/com/netflix/servo/servo-core/0.10.1/servo-core-0.10.1.jar:/root/testjava/maven_repository/com/netflix/servo/servo-internal/0.10.1/servo-internal-0.10.1.jar:/root/testjava/maven_repository/com/netflix/netflix-commons/netflix-commons-util/0.1.1/netflix-commons-util-0.1.1.jar:/root/testjava/maven_repository/com/netflix/ribbon/ribbon-loadbalancer/2.3.0/ribbon-loadbalancer-2.3.0.jar:/root/testjava/maven_repository/com/netflix/netflix-commons/netflix-statistics/0.1.1/netflix-statistics-0.1.1.jar:/root/testjava/maven_repository/io/reactivex/rxjava/1.3.8/rxjava-1.3.8.jar:/root/testjava/maven_repository/org/springframework/boot/spring-boot-devtools/2.2.8.RELEASE/spring-boot-devtools-2.2.8.RELEASE.jar:/root/testjava/maven_repository/org/springframework/boot/spring-boot/2.2.8.RELEASE/spring-boot-2.2.8.RELEASE.jar:/root/testjava/maven_repository/org/springframework/boot/spring-boot-autoconfigure/2.2.8.RELEASE/spring-boot-autoconfigure-2.2.8.RELEASE.jar:/root/testjava/maven_repository/org/projectlombok/lombok/1.18.12/lombok-1.18.12.jar:/root/testjava/maven_repository/org/springframework/boot/spring-boot-starter-test/2.2.8.RELEASE/spring-boot-starter-test-2.2.8.RELEASE.jar:/root/testjava/maven_repository/org/springframework/boot/spring-boot-test/2.2.8.RELEASE/spring-boot-test-2.2.8.RELEASE.jar:/root/testjava/maven_repository/org/springframework/boot/spring-boot-test-autoconfigure/2.2.8.RELEASE/spring-boot-test-autoconfigure-2.2.8.RELEASE.jar:/root/testjava/maven_repository/com/jayway/jsonpath/json-path/2.4.0/json-path-2.4.0.jar:/root/testjava/maven_repository/net/minidev/json-smart/2.3/json-smart-2.3.jar:/root/testjava/maven_repository/net/minidev/accessors-smart/1.2/accessors-smart-1.2.jar:/root/testjava/maven_repository/org/ow2/asm/asm/5.0.4/asm-5.0.4.jar:/root/testjava/maven_repository/jakarta/xml/bind/jakarta.xml.bind-api/2.3.3/jakarta.xml.bind-api-2.3.3.jar:/root/testjava/maven_repository/jakarta/activation/jakarta.activation-api/1.2.2/jakarta.activation-api-1.2.2.jar:/root/testjava/maven_repository/org/junit/jupiter/junit-jupiter/5.5.2/junit-jupiter-5.5.2.jar:/root/testjava/maven_repository/org/junit/jupiter/junit-jupiter-api/5.5.2/junit-jupiter-api-5.5.2.jar:/root/testjava/maven_repository/org/apiguardian/apiguardian-api/1.1.0/apiguardian-api-1.1.0.jar:/root/testjava/maven_repository/org/opentest4j/opentest4j/1.2.0/opentest4j-1.2.0.jar:/root/testjava/maven_repository/org/junit/platform/junit-platform-commons/1.5.2/junit-platform-commons-1.5.2.jar:/root/testjava/maven_repository/org/junit/jupiter/junit-jupiter-params/5.5.2/junit-jupiter-params-5.5.2.jar:/root/testjava/maven_repository/org/junit/jupiter/junit-jupiter-engine/5.5.2/junit-jupiter-engine-5.5.2.jar:/root/testjava/maven_repository/org/junit/platform/junit-platform-engine/1.5.2/junit-platform-engine-1.5.2.jar:/root/testjava/maven_repository/org/mockito/mockito-junit-jupiter/3.1.0/mockito-junit-jupiter-3.1.0.jar:/root/testjava/maven_repository/org/assertj/assertj-core/3.13.2/assertj-core-3.13.2.jar:/root/testjava/maven_repository/org/hamcrest/hamcrest/2.1/hamcrest-2.1.jar:/root/testjava/maven_repository/org/mockito/mockito-core/3.1.0/mockito-core-3.1.0.jar:/root/testjava/maven_repository/net/bytebuddy/byte-buddy/1.10.11/byte-buddy-1.10.11.jar:/root/testjava/maven_repository/net/bytebuddy/byte-buddy-agent/1.10.11/byte-buddy-agent-1.10.11.jar:/root/testjava/maven_repository/org/objenesis/objenesis/2.6/objenesis-2.6.jar:/root/testjava/maven_repository/org/skyscreamer/jsonassert/1.5.0/jsonassert-1.5.0.jar:/root/testjava/maven_repository/com/vaadin/external/google/android-json/0.0.20131108.vaadin1/android-json-0.0.20131108.vaadin1.jar:/root/testjava/maven_repository/org/springframework/spring-core/5.2.7.RELEASE/spring-core-5.2.7.RELEASE.jar:/root/testjava/maven_repository/org/springframework/spring-jcl/5.2.7.RELEASE/spring-jcl-5.2.7.RELEASE.jar:/root/testjava/maven_repository/org/springframework/spring-test/5.2.7.RELEASE/spring-test-5.2.7.RELEASE.jar:/root/testjava/maven_repository/org/xmlunit/xmlunit-core/2.6.4/xmlunit-core-2.6.4.jar:"/>
    <property name="sun.cpu.endian" value="little"/>
    <property name="user.home" value="/root"/>
    <property name="user.language" value="en"/>
    <property name="java.specification.vendor" value="Oracle Corporation"/>
    <property name="java.home" value="/root/testjava/jdk1.8.0_251/jre"/>
    <property name="basedir" value="/root/testjava/provider"/>
    <property name="file.separator" value="/"/>
    <property name="line.separator" value="&#10;"/>
    <property name="java.vm.specification.vendor" value="Oracle Corporation"/>
    <property name="java.specification.name" value="Java Platform API Specification"/>
    <property name="java.awt.graphicsenv" value="sun.awt.X11GraphicsEnvironment"/>
    <property name="surefire.real.class.path" value="/root/testjava/provider/target/surefire/surefirebooter5906044742480557215.jar"/>
    <property name="sun.boot.class.path" value="/root/testjava/jdk1.8.0_251/jre/lib/resources.jar:/root/testjava/jdk1.8.0_251/jre/lib/rt.jar:/root/testjava/jdk1.8.0_251/jre/lib/sunrsasign.jar:/root/testjava/jdk1.8.0_251/jre/lib/jsse.jar:/root/testjava/jdk1.8.0_251/jre/lib/jce.jar:/root/testjava/jdk1.8.0_251/jre/lib/charsets.jar:/root/testjava/jdk1.8.0_251/jre/lib/jfr.jar:/root/testjava/jdk1.8.0_251/jre/classes"/>
    <property name="sun.management.compiler" value="HotSpot 64-Bit Tiered Compilers"/>
    <property name="java.runtime.version" value="1.8.0_251-b08"/>
    <property name="user.name" value="root"/>
    <property name="path.separator" value=":"/>
    <property name="os.version" value="3.10.0-862.el7.x86_64"/>
    <property name="java.endorsed.dirs" value="/root/testjava/jdk1.8.0_251/jre/lib/endorsed"/>
    <property name="java.runtime.name" value="Java(TM) SE Runtime Environment"/>
    <property name="file.encoding" value="UTF-8"/>
    <property name="java.vm.name" value="Java HotSpot(TM) 64-Bit Server VM"/>
    <property name="localRepository" value="/root/testjava/maven_repository"/>
    <property name="java.vendor.url.bug" value="http://bugreport.sun.com/bugreport/"/>
    <property name="java.io.tmpdir" value="/tmp"/>
    <property name="java.version" value="1.8.0_251"/>
    <property name="user.dir" value="/root/testjava/provider"/>
    <property name="os.arch" value="amd64"/>
    <property name="java.vm.specification.name" value="Java Virtual Machine Specification"/>
    <property name="java.awt.printerjob" value="sun.print.PSPrinterJob"/>
    <property name="sun.os.patch.level" value="unknown"/>
    <property name="java.library.path" value="/usr/java/packages/lib/amd64:/usr/lib64:/lib64:/lib:/usr/lib"/>
    <property name="java.vm.info" value="mixed mode"/>
    <property name="java.vendor" value="Oracle Corporation"/>
    <property name="java.vm.version" value="25.251-b08"/>
    <property name="java.ext.dirs" value="/root/testjava/jdk1.8.0_251/jre/lib/ext:/usr/java/packages/lib/ext"/>
    <property name="sun.io.unicode.encoding" value="UnicodeLittle"/>
    <property name="java.class.version" value="52.0"/>
  </properties>
  <testcase name="contextLoads" classname="com.teng.provider.DemoApplicationTests" time="0.408"/>
</testsuite>